Build started 14/01/2016 16:19:11.
     1>Project "C:\Temp\sdlgame - Copy\sdlgame\sdlgame.vcxproj" on node 2 (build target(s)).
     1>InitializeBuildStatus:
         Creating "x64\Debug\sdlgame.unsuccessfulbuild" because "AlwaysCreate" was specified.
       ClCompile:
         C:\Program Files (x86)\Microsoft Visual Studio 10.0\VC\bin\x86_amd64\CL.exe /c /Zi /nologo /W3 /WX- /Od /D _MBCS /Gm /EHsc /RTC1 /MDd /GS /fp:precise /Zc:wchar_t /Zc:forScope /Fo"x64\Debug\\" /Fd"x64\Debug\vc100.pdb" /Gd /TP /errorReport:prompt main.cpp
         main.cpp
     1>main.cpp(161): warning C4244: 'argument' : conversion from 'float' to 'int', possible loss of data
     1>main.cpp(161): warning C4244: 'argument' : conversion from 'float' to 'int', possible loss of data
     1>main.cpp(173): warning C4244: 'argument' : conversion from 'float' to 'int', possible loss of data
     1>main.cpp(173): warning C4244: 'argument' : conversion from 'float' to 'int', possible loss of data
     1>main.cpp(173): warning C4244: 'argument' : conversion from 'float' to 'int', possible loss of data
     1>main.cpp(173): warning C4244: 'argument' : conversion from 'float' to 'int', possible loss of data
     1>main.cpp(174): warning C4244: 'argument' : conversion from 'float' to 'int', possible loss of data
     1>main.cpp(174): warning C4244: 'argument' : conversion from 'float' to 'int', possible loss of data
     1>main.cpp(174): warning C4244: 'argument' : conversion from 'float' to 'int', possible loss of data
     1>main.cpp(174): warning C4244: 'argument' : conversion from 'float' to 'int', possible loss of data
     1>main.cpp(175): warning C4244: 'argument' : conversion from 'float' to 'int', possible loss of data
     1>main.cpp(175): warning C4244: 'argument' : conversion from 'float' to 'int', possible loss of data
     1>main.cpp(175): warning C4244: 'argument' : conversion from 'float' to 'int', possible loss of data
     1>main.cpp(175): warning C4244: 'argument' : conversion from 'float' to 'int', possible loss of data
     1>main.cpp(200): warning C4244: 'argument' : conversion from 'float' to 'int', possible loss of data
     1>main.cpp(200): warning C4244: 'argument' : conversion from 'float' to 'int', possible loss of data
     1>main.cpp(200): warning C4244: 'argument' : conversion from 'float' to 'int', possible loss of data
     1>main.cpp(214): warning C4244: 'argument' : conversion from 'float' to 'int', possible loss of data
     1>main.cpp(214): warning C4244: 'argument' : conversion from 'float' to 'int', possible loss of data
     1>main.cpp(214): warning C4244: 'argument' : conversion from 'float' to 'int', possible loss of data
     1>main.cpp(229): warning C4244: 'argument' : conversion from 'float' to 'int', possible loss of data
     1>main.cpp(229): warning C4244: 'argument' : conversion from 'float' to 'int', possible loss of data
     1>main.cpp(229): warning C4244: 'argument' : conversion from 'float' to 'int', possible loss of data
     1>main.cpp(242): warning C4244: 'argument' : conversion from 'float' to 'int', possible loss of data
     1>main.cpp(242): warning C4244: 'argument' : conversion from 'float' to 'int', possible loss of data
     1>main.cpp(242): warning C4244: 'argument' : conversion from 'float' to 'int', possible loss of data
     1>main.cpp(252): warning C4244: 'argument' : conversion from 'float' to 'int', possible loss of data
     1>main.cpp(252): warning C4244: 'argument' : conversion from 'float' to 'int', possible loss of data
     1>main.cpp(252): warning C4244: 'argument' : conversion from 'float' to 'int', possible loss of data
     1>main.cpp(262): warning C4244: 'argument' : conversion from 'float' to 'int', possible loss of data
     1>main.cpp(262): warning C4244: 'argument' : conversion from 'float' to 'int', possible loss of data
     1>main.cpp(262): warning C4244: 'argument' : conversion from 'float' to 'int', possible loss of data
     1>main.cpp(271): warning C4244: 'argument' : conversion from 'float' to 'int', possible loss of data
     1>main.cpp(271): warning C4244: 'argument' : conversion from 'float' to 'int', possible loss of data
     1>main.cpp(271): warning C4244: 'argument' : conversion from 'float' to 'int', possible loss of data
     1>main.cpp(280): warning C4244: 'argument' : conversion from 'float' to 'int', possible loss of data
     1>main.cpp(280): warning C4244: 'argument' : conversion from 'float' to 'int', possible loss of data
     1>main.cpp(280): warning C4244: 'argument' : conversion from 'float' to 'int', possible loss of data
     1>main.cpp(289): warning C4244: 'argument' : conversion from 'float' to 'int', possible loss of data
     1>main.cpp(289): warning C4244: 'argument' : conversion from 'float' to 'int', possible loss of data
     1>main.cpp(289): warning C4244: 'argument' : conversion from 'float' to 'int', possible loss of data
     1>main.cpp(298): warning C4244: 'argument' : conversion from 'float' to 'int', possible loss of data
     1>main.cpp(298): warning C4244: 'argument' : conversion from 'float' to 'int', possible loss of data
     1>main.cpp(298): warning C4244: 'argument' : conversion from 'float' to 'int', possible loss of data
     1>main.cpp(307): warning C4244: 'argument' : conversion from 'float' to 'int', possible loss of data
     1>main.cpp(307): warning C4244: 'argument' : conversion from 'float' to 'int', possible loss of data
     1>main.cpp(307): warning C4244: 'argument' : conversion from 'float' to 'int', possible loss of data
     1>main.cpp(316): warning C4244: 'argument' : conversion from 'float' to 'int', possible loss of data
     1>main.cpp(316): warning C4244: 'argument' : conversion from 'float' to 'int', possible loss of data
     1>main.cpp(316): warning C4244: 'argument' : conversion from 'float' to 'int', possible loss of data
     1>main.cpp(374): warning C4244: '=' : conversion from 'int' to 'float', possible loss of data
     1>main.cpp(375): warning C4244: '=' : conversion from 'int' to 'float', possible loss of data
     1>main.cpp(376): warning C4244: '=' : conversion from 'int' to 'float', possible loss of data
       Link:
         C:\Program Files (x86)\Microsoft Visual Studio 10.0\VC\bin\x86_amd64\link.exe /ERRORREPORT:PROMPT /OUT:"C:\Temp\sdlgame - Copy\x64\Debug\sdlgame.exe" /NOLOGO SDL2.lib SDL2main.lib kernel32.lib user32.lib gdi32.lib winspool.lib comdlg32.lib advapi32.lib shell32.lib ole32.lib oleaut32.lib uuid.lib odbc32.lib odbccp32.lib /MANIFEST /ManifestFile:"x64\Debug\sdlgame.exe.intermediate.manifest" /MANIFESTUAC:"level='asInvoker' uiAccess='false'" /DEBUG /PDB:"C:\Temp\sdlgame - Copy\x64\Debug\sdlgame.pdb" /SUBSYSTEM:WINDOWS /TLBID:1 /DYNAMICBASE /NXCOMPAT /IMPLIB:"C:\Temp\sdlgame - Copy\x64\Debug\sdlgame.lib" /MACHINE:X64 x64\Debug\freading.obj
         x64\Debug\main.obj
         LINK : C:\Temp\sdlgame - Copy\x64\Debug\sdlgame.exe not found or not built by the last incremental link; performing full link
     1>MSVCRTD.lib(cinitexe.obj) : warning LNK4098: defaultlib 'msvcrt.lib' conflicts with use of other libs; use /NODEFAULTLIB:library
         sdlgame.vcxproj -> C:\Temp\sdlgame - Copy\x64\Debug\sdlgame.exe
       Manifest:
         C:\Program Files (x86)\Microsoft SDKs\Windows\v7.0A\bin\mt.exe /nologo /verbose /outputresource:"C:\Temp\sdlgame - Copy\x64\Debug\sdlgame.exe;#1" /manifest x64\Debug\sdlgame.exe.intermediate.manifest
       FinalizeBuildStatus:
         Deleting file "x64\Debug\sdlgame.unsuccessfulbuild".
         Touching "x64\Debug\sdlgame.lastbuildstate".
     1>Done Building Project "C:\Temp\sdlgame - Copy\sdlgame\sdlgame.vcxproj" (build target(s)).

Build succeeded.

Time Elapsed 00:00:02.88
